****************************************
Report : Time Based Power (Cycle Accurate)
Design : top
Version: S-2021.06
Date   : Fri Dec 26 19:05:28 2025
****************************************



  Attributes
  ----------
      i  -  Including register clock pin internal power
      u  -  User defined power group

                        Internal  Switching  Leakage    Total
Power Group             Power     Power      Power      Power   (     %)  Attrs
--------------------------------------------------------------------------------
clock_network           1.896e-03 7.076e-04 2.480e-07 2.603e-03 (67.58%)  i
register                6.134e-05 3.418e-05 3.177e-06 9.870e-05 ( 2.56%)  
combinational           3.813e-04 7.568e-04 1.192e-05 1.150e-03 (29.85%)  
sequential                 0.0000    0.0000    0.0000    0.0000 ( 0.00%)  
memory                     0.0000    0.0000    0.0000    0.0000 ( 0.00%)  
io_pad                     0.0000    0.0000    0.0000    0.0000 ( 0.00%)  
black_box               2.058e-11    0.0000 1.116e-13 2.070e-11 ( 0.00%)  

  Net Switching Power          = 1.499e-03   (38.90%)
  Cell Internal Power          = 2.338e-03   (60.70%)
  Cell Leakage Power           = 1.535e-05   ( 0.40%)
                                 ---------
Total Power                    = 3.852e-03  (100.00%)

X Transition Power             = 1.225e-04
CAPP Estimated Glitching Power = 1.162e-04

Peak Power                     =    0.0107
Peak Time                      =  96109.00

1
